<?xml version="1.0" encoding="UTF-8"?>
<!-- Generated by org.testng.reporters.JUnitReportReporter -->
<testsuite hostname="My_PC" failures="0" tests="1" name="testRunner.TestRunner" time="13.238" errors="0" timestamp="2025-06-14T22:40:41 IST" skipped="0">
  <testcase classname="testRunner.TestRunner" name="runScenario" time="13.238"/>
</testsuite> <!-- testRunner.TestRunner -->
