<?xml version="1.0" encoding="UTF-8"?>
<!-- Generated by org.testng.reporters.JUnitReportReporter -->
<testsuite hostname="My_PC" failures="0" tests="1" name="testRunner.TestRunner" time="9.534" errors="0" timestamp="2025-05-24T14:23:20 IST" skipped="0">
  <testcase classname="testRunner.TestRunner" name="runScenario" time="9.534"/>
</testsuite> <!-- testRunner.TestRunner -->
