<?xml version="1.0" encoding="UTF-8"?>
<!-- Generated by org.testng.reporters.JUnitReportReporter -->
<testsuite hostname="My_PC" failures="0" tests="1" name="testRunner.TestRunner" time="9.985" errors="0" timestamp="2025-07-06T15:11:56 IST" skipped="0">
  <testcase classname="testRunner.TestRunner" name="runScenario" time="9.985"/>
</testsuite> <!-- testRunner.TestRunner -->
