<?xml version="1.0" encoding="UTF-8"?>
<!-- Generated by org.testng.reporters.JUnitReportReporter -->
<testsuite hostname="My_PC" failures="0" tests="1" name="testRunner.TestRunner" time="11.841" errors="0" timestamp="2025-07-07T00:40:09 IST" skipped="0">
  <testcase classname="testRunner.TestRunner" name="runScenario" time="11.841"/>
</testsuite> <!-- testRunner.TestRunner -->
