<?xml version="1.0" encoding="UTF-8"?>
<!-- Generated by org.testng.reporters.JUnitReportReporter -->
<testsuite hostname="My_PC" failures="0" tests="2" name="testRunner.TestRunner" time="35.339" errors="0" timestamp="2025-08-12T16:15:52 IST" skipped="0">
  <testcase classname="testRunner.TestRunner" name="runScenario" time="17.547"/>
  <testcase classname="testRunner.TestRunner" name="runScenario" time="17.792"/>
</testsuite> <!-- testRunner.TestRunner -->
