<?xml version="1.0" encoding="UTF-8"?>
<!-- Generated by org.testng.reporters.JUnitReportReporter -->
<testsuite hostname="My_PC" failures="0" tests="1" name="testRunner.TestRunner" time="9.623" errors="0" timestamp="2025-05-01T17:52:30 IST" skipped="0">
  <testcase classname="testRunner.TestRunner" name="runScenario" time="9.623"/>
</testsuite> <!-- testRunner.TestRunner -->
